1
FIZZBUZZ++ 
FIZZBUZZ++ 
4
FIZZBUZZ++ 
FIZZ 
FIZZBUZZ++ 
8
FIZZ 
BUZZ 
FIZZBUZZ++ 
FIZZ 
FIZZBUZZ++ 
14
FIZZBUZZ 
16
FIZZBUZZ++ 
FIZZ 
FIZZBUZZ++ 
BUZZ 
FIZZ 
22
FIZZBUZZ++ 
FIZZ 
BUZZ 
26
FIZZ 
28
FIZZBUZZ++ 
FIZZBUZZ 
FIZZBUZZ++ 
32
FIZZ 
34
BUZZ 
FIZZ 
FIZZBUZZ++ 
38
FIZZ 
BUZZ 
FIZZBUZZ++ 
FIZZ 
FIZZBUZZ++ 
44
FIZZBUZZ 
46
FIZZBUZZ++ 
FIZZ 
49
BUZZ 
FIZZ 
52
FIZZBUZZ++ 
FIZZ 
BUZZ 
56
FIZZ 
58
FIZZBUZZ++ 
FIZZBUZZ 
FIZZBUZZ++ 
62
FIZZ 
64
BUZZ 
FIZZ 
FIZZBUZZ++ 
68
FIZZ 
BUZZ 
FIZZBUZZ++ 
FIZZ 
FIZZBUZZ++ 
74
FIZZBUZZ 
76
77
FIZZ 
FIZZBUZZ++ 
BUZZ 
FIZZ 
82
FIZZBUZZ++ 
FIZZ 
BUZZ 
86
FIZZ 
88
FIZZBUZZ++ 
FIZZBUZZ 
91
92
FIZZ 
94
BUZZ 
FIZZ 
FIZZBUZZ++ 
98
FIZZ 
BUZZ 
FIZZBUZZ++ 
FIZZ 
FIZZBUZZ++ 
104
FIZZBUZZ 
106
FIZZBUZZ++ 
FIZZ 
FIZZBUZZ++ 
BUZZ 
FIZZ 
112
FIZZBUZZ++ 
FIZZ 
BUZZ 
116
FIZZ 
118
119
FIZZBUZZ 
121
122
FIZZ 
124
BUZZ 
FIZZ 
FIZZBUZZ++ 
128
FIZZ 
BUZZ 
FIZZBUZZ++ 
FIZZ 
133
134
FIZZBUZZ 
136
FIZZBUZZ++ 
FIZZ 
FIZZBUZZ++ 
BUZZ 
FIZZ 
142
143
FIZZ 
BUZZ 
146
FIZZ 
148
FIZZBUZZ++ 
FIZZBUZZ 
FIZZBUZZ++ 
152
FIZZ 
154
BUZZ 
FIZZ 
FIZZBUZZ++ 
158
FIZZ 
BUZZ 
161
FIZZ 
FIZZBUZZ++ 
164
FIZZBUZZ 
166
FIZZBUZZ++ 
FIZZ 
169
BUZZ 
FIZZ 
172
FIZZBUZZ++ 
FIZZ 
BUZZ 
176
FIZZ 
178
FIZZBUZZ++ 
FIZZBUZZ 
FIZZBUZZ++ 
182
FIZZ 
184
BUZZ 
FIZZ 
187
188
FIZZ 
BUZZ 
FIZZBUZZ++ 
FIZZ 
FIZZBUZZ++ 
194
FIZZBUZZ 
196
FIZZBUZZ++ 
FIZZ 
FIZZBUZZ++ 
BUZZ 
FIZZ 
202
203
FIZZ 
BUZZ 
206
FIZZ 
208
209
FIZZBUZZ 
FIZZBUZZ++ 
212
FIZZ 
214
BUZZ 
FIZZ 
217
218
FIZZ 
BUZZ 
221
FIZZ 
FIZZBUZZ++ 
224
FIZZBUZZ 
226
FIZZBUZZ++ 
FIZZ 
FIZZBUZZ++ 
BUZZ 
FIZZ 
232
FIZZBUZZ++ 
FIZZ 
BUZZ 
236
FIZZ 
238
FIZZBUZZ++ 
FIZZBUZZ 
FIZZBUZZ++ 
242
FIZZ 
244
BUZZ 
FIZZ 
247
248
FIZZ 
BUZZ 
FIZZBUZZ++ 
FIZZ 
253
254
FIZZBUZZ 
256
FIZZBUZZ++ 
FIZZ 
259
BUZZ 
FIZZ 
262
FIZZBUZZ++ 
FIZZ 
BUZZ 
266
FIZZ 
268
FIZZBUZZ++ 
FIZZBUZZ 
FIZZBUZZ++ 
272
FIZZ 
274
BUZZ 
FIZZ 
FIZZBUZZ++ 
278
FIZZ 
BUZZ 
FIZZBUZZ++ 
FIZZ 
FIZZBUZZ++ 
284
FIZZBUZZ 
286
287
FIZZ 
289
BUZZ 
FIZZ 
292
FIZZBUZZ++ 
FIZZ 
BUZZ 
296
FIZZ 
298
299
FIZZBUZZ 
301
302
FIZZ 
304
BUZZ 
FIZZ 
FIZZBUZZ++ 
308
FIZZ 
BUZZ 
FIZZBUZZ++ 
FIZZ 
FIZZBUZZ++ 
314
FIZZBUZZ 
316
FIZZBUZZ++ 
FIZZ 
319
BUZZ 
FIZZ 
322
323
FIZZ 
BUZZ 
326
FIZZ 
328
329
FIZZBUZZ 
FIZZBUZZ++ 
332
FIZZ 
334
BUZZ 
FIZZ 
FIZZBUZZ++ 
338
FIZZ 
BUZZ 
341
FIZZ 
343
344
FIZZBUZZ 
346
FIZZBUZZ++ 
FIZZ 
FIZZBUZZ++ 
BUZZ 
FIZZ 
352
FIZZBUZZ++ 
FIZZ 
BUZZ 
356
FIZZ 
358
FIZZBUZZ++ 
FIZZBUZZ 
361
362
FIZZ 
364
BUZZ 
FIZZ 
FIZZBUZZ++ 
368
FIZZ 
BUZZ 
371
FIZZ 
FIZZBUZZ++ 
374
FIZZBUZZ 
376
377
FIZZ 
FIZZBUZZ++ 
BUZZ 
FIZZ 
382
FIZZBUZZ++ 
FIZZ 
BUZZ 
386
FIZZ 
388
FIZZBUZZ++ 
FIZZBUZZ 
391
392
FIZZ 
394
BUZZ 
FIZZ 
FIZZBUZZ++ 
398
FIZZ 
BUZZ 
FIZZBUZZ++ 
FIZZ 
403
404
FIZZBUZZ 
406
407
FIZZ 
FIZZBUZZ++ 
BUZZ 
FIZZ 
412
413
FIZZ 
BUZZ 
416
FIZZ 
418
FIZZBUZZ++ 
FIZZBUZZ 
FIZZBUZZ++ 
422
FIZZ 
424
BUZZ 
FIZZ 
427
428
FIZZ 
BUZZ 
FIZZBUZZ++ 
FIZZ 
FIZZBUZZ++ 
434
FIZZBUZZ 
436
437
FIZZ 
FIZZBUZZ++ 
BUZZ 
FIZZ 
442
FIZZBUZZ++ 
FIZZ 
BUZZ 
446
FIZZ 
448
FIZZBUZZ++ 
FIZZBUZZ 
451
452
FIZZ 
454
BUZZ 
FIZZ 
FIZZBUZZ++ 
458
FIZZ 
BUZZ 
FIZZBUZZ++ 
FIZZ 
FIZZBUZZ++ 
464
FIZZBUZZ 
466
FIZZBUZZ++ 
FIZZ 
469
BUZZ 
FIZZ 
472
473
FIZZ 
BUZZ 
476
FIZZ 
478
FIZZBUZZ++ 
FIZZBUZZ 
481
482
FIZZ 
484
BUZZ 
FIZZ 
FIZZBUZZ++ 
488
FIZZ 
BUZZ 
FIZZBUZZ++ 
FIZZ 
493
494
FIZZBUZZ 
496
497
FIZZ 
FIZZBUZZ++ 
BUZZ 
